<?xml version="1.0" encoding="UTF-8"?>
<!-- Generated by org.testng.reporters.JUnitReportReporter -->
<testsuite hostname="Prisha" failures="0" tests="4" name="TestNGTutorial.Day1" time="0.018" errors="0" timestamp="2023-05-05T22:36:27 IST" skipped="0">
  <testcase classname="TestNGTutorial.Day1" name="WebLoginGoldLoan" time="0.002"/>
  <system-out/>
  <testcase classname="TestNGTutorial.Day1" name="MobileLoginGoldLoan" time="0.011"/>
  <system-out/>
  <testcase classname="TestNGTutorial.Day1" name="MobileLoginGoldLoan" time="0.002"/>
  <system-out/>
  <testcase classname="TestNGTutorial.Day1" name="MobileLoginGoldLoan" time="0.003"/>
  <system-out/>
</testsuite> <!-- TestNGTutorial.Day1 -->
