<?xml version="1.0" encoding="UTF-8"?>
<!-- Generated by org.testng.reporters.JUnitReportReporter -->
<testsuite hostname="Prisha" failures="0" tests="7" name="TestNGTutorial.Day3" time="0.020" errors="0" timestamp="2023-05-05T22:36:27 IST" skipped="0">
  <testcase classname="TestNGTutorial.Day3" name="APILoginCarLoan" time="0.006"/>
  <system-out/>
  <testcase classname="TestNGTutorial.Day3" name="APILoginCarLoan" time="0.003"/>
  <system-out/>
  <testcase classname="TestNGTutorial.Day3" name="APILoginCarLoan" time="0.003"/>
  <system-out/>
  <testcase classname="TestNGTutorial.Day3" name="APILoginCarLoan" time="0.001"/>
  <system-out/>
  <testcase classname="TestNGTutorial.Day3" name="APILoginCarLoan" time="0.004"/>
  <system-out/>
  <testcase classname="TestNGTutorial.Day3" name="MobileLoginCarLoan" time="0.001"/>
  <system-out/>
  <testcase classname="TestNGTutorial.Day3" name="WebLoginCarLoan" time="0.002"/>
  <system-out/>
</testsuite> <!-- TestNGTutorial.Day3 -->
