<?xml version="1.0" encoding="UTF-8"?>
<!-- Generated by org.testng.reporters.JUnitReportReporter -->
<testsuite hostname="Prisha" failures="0" tests="3" name="TestNGTutorial.Day4" time="0.019" errors="0" timestamp="2023-05-05T22:36:27 IST" skipped="0">
  <testcase classname="TestNGTutorial.Day4" name="APILoginHomeLoan" time="0.009"/>
  <system-out/>
  <testcase classname="TestNGTutorial.Day4" name="WebLoginHomeLoan" time="0.005"/>
  <system-out/>
  <testcase classname="TestNGTutorial.Day4" name="MobileLoginHomeLoan" time="0.005"/>
  <system-out/>
</testsuite> <!-- TestNGTutorial.Day4 -->
