<?xml version="1.0" encoding="UTF-8"?>
<!-- Generated by org.testng.reporters.JUnitReportReporter -->
<testsuite hostname="Prisha" failures="0" tests="3" name="TestNGTutorial.Day" time="0.007" errors="0" timestamp="2023-05-05T22:36:27 IST" skipped="1">
  <testcase classname="TestNGTutorial.Day" name="PersonalloanWebInterestTest" time="0.000"/>
  <system-out/>
  <testcase classname="TestNGTutorial.Day" name="getLoan" time="0.007"/>
  <system-out/>
  <testcase classname="TestNGTutorial.Day" name="Loanrecovery">
    <skipped/>
  </testcase> <!-- Loanrecovery -->
  <system-out/>
</testsuite> <!-- TestNGTutorial.Day -->
