<?xml version="1.0" encoding="UTF-8"?>
<!-- Generated by org.testng.reporters.JUnitReportReporter -->
<testsuite hostname="Prisha" failures="0" tests="3" name="TestNGTutorial.Day2" time="0.012" errors="0" timestamp="2023-05-05T22:36:27 IST" skipped="0">
  <testcase classname="TestNGTutorial.Day2" name="APILoginPersonalLoan" time="0.006"/>
  <system-out/>
  <testcase classname="TestNGTutorial.Day2" name="WebLoginPersonalLoan" time="0.005"/>
  <system-out/>
  <testcase classname="TestNGTutorial.Day2" name="MobileLoginPersonalLoan" time="0.001"/>
  <system-out/>
</testsuite> <!-- TestNGTutorial.Day2 -->
